[3/9/2015 10:09:54 AM][      ConnectToTargetCompany()] Unable to access SBO-Common database
[3/9/2015 10:10:28 AM][      ConnectToTargetCompany()] Unable to access SBO-Common database
[3/9/2015 10:10:28 AM][            MSave_StockRequest] Unable to access SBO-Common database
[3/9/2015 10:14:33 AM][      ConnectToTargetCompany()] Unable to access SBO-Common database
[3/9/2015 10:14:33 AM][      ConnectToTargetCompany()] Unable to access SBO-Common database
[3/9/2015 10:14:33 AM][            MSave_StockRequest] Unable to access SBO-Common database
[3/9/2015 10:19:05 AM][      ConnectToTargetCompany()] Unable to access SBO-Common database
[3/9/2015 10:19:05 AM][      ConnectToTargetCompany()] Unable to access SBO-Common database
[3/9/2015 10:19:05 AM][            MSave_StockRequest] Unable to access SBO-Common database
[3/9/2015 1:49:36 PM][            MSave_StockRequest] Column 'Company' does not belong to table Table1.
[3/9/2015 1:52:10 PM][            MSave_StockRequest] Column 'Company' does not belong to table Table1.
[3/9/2015 2:29:24 PM][            MSave_StockRequest] Column 'RequriedDate' does not belong to table Table1.
[3/9/2015 3:45:45 PM][          MUpdate_StockRequest] Invalid row
[3/9/2015 3:48:59 PM][          MUpdate_StockRequest] Invalid row
[3/9/2015 3:51:49 PM][          MUpdate_StockRequest] Invalid row
[3/9/2015 5:36:47 PM][                 Get_Project()] SqlDateTime overflow. Must be between 1/1/1753 12:00:00 AM and 12/31/9999 11:59:59 PM.
[3/9/2015 5:36:47 PM][                  MGet_Project] SqlDateTime overflow. Must be between 1/1/1753 12:00:00 AM and 12/31/9999 11:59:59 PM.
[3/9/2015 8:29:27 PM][          MUpdate_StockRequest] Invalid row
[3/9/2015 8:32:53 PM][          MUpdate_StockRequest] Invalid row
[3/9/2015 8:35:31 PM][          MUpdate_StockRequest] Invalid row
[3/9/2015 8:36:12 PM][          MUpdate_StockRequest] Invalid row
[3/9/2015 8:40:27 PM][          MUpdate_StockRequest] Invalid row
[3/9/2015 9:36:54 PM][            MSave_StockRequest] Column 'BKTDocEntry' does not belong to table .
[3/9/2015 9:39:47 PM][            MSave_StockRequest] Column 'BudgetLineId' does not belong to table .
[3/9/2015 9:49:20 PM][      BudgetStockRequestUpdate] Value does not fall within the expected range.
[3/9/2015 9:49:20 PM][            MSave_StockRequest] Value does not fall within the expected range.
[3/10/2015 3:34:26 PM][          MUpdate_StockRequest] Invalid object passed in, ':' or '}' expected. (2006): [{     "sDocEntry" : "1130",     "sCompany": "CleaningExpress",     "sCurrentUserName": "manager",     "dtRequiredDate": "03/24/2015",     "sProjectCode": "7PALMS",     "sWarehouseCode": "ASQWH",     "Items": [         {             "ItemCode": "TO4022",             "ItemName": "07410A PS cover refills 24x125s",             "AvailableQty": "10",             "Quantity": "15",              "ExistingPRQty": "11", 	    "LineId" : "0",             "Unitprice" : "3",             "BKTDocEntry" : "4",             "BKTLineId" : "0",             "DelFlag" : "N"          },         {             "ItemCode": "MA2082",             "ItemName": "1 Liter  Bottle",             "AvailableQty": "10",             "Quantity": "12",             "ExistingPRQty": "11", 	    "LineId" : "1",             "Unitprice" : "4.6",             "BKTDocEntry" : "4",             "BKTLineId" : "1",             "DelFlag" : "N"         },         {             "ItemCode": "MA2024",             "ItemName": "100cm ( dust comtrol mop)",             "AvailableQty": "10",             "Quantity": "13",             "ExistingPRQty": "11", 	    "LineId" : "2",  "Unitprice" : "100",             "BKTDocEntry" : "4",             "BKTLineId" : "2",             "DelFlag" : "N"         },         {             "ItemCode": "MA2029",             "ItemName": "100cm mop frame)",             "AvailableQty": "10",             "Quantity": "14",             "ExistingPRQty": "11",	                 "LineId" : "3",  "Unitprice" : "34",             "BKTDocEntry" : "4",             "BKTLineId" : "3",             "DelFlag" : "Y"         },         {             "ItemCode": "MA2110",             "ItemName": "12  Step  Ladder",             "AvailableQty": "10",             "Quantity": "15",             "ExistingPRQty": "11", 	    "LineId" : "4",  "Unitprice" : "2",             "BKTDocEntry" : "4",             "BKTLineId" : "4",             "DelFlag" : "Y"         } ,         {             "ItemCode": "MA2071",             "ItemName": "13"  Black  Pad",             "AvailableQty": "6.50",             "Quantity": "2",             "ExistingPRQty": "0", 	    "LineId" : "0",  "Unitprice" : "2",             "BKTDocEntry" : "4",             "BKTLineId" : "5",             "DelFlag" : "N"         }     ] }]
[3/10/2015 3:39:55 PM][          MUpdate_StockRequest] Invalid object passed in, ':' or '}' expected. (2005): [{     "sDocEntry" : "1130",     "sCompany": "CleaningExpress",     "sCurrentUserName": "manager",     "dtRequiredDate": "03/24/2015",     "sProjectCode": "7PALMS",     "sWarehouseCode": "ASQWH",     "Items": [         {             "ItemCode": "TO4022",             "ItemName": "07410A PS cover refills 24x125s",             "AvailableQty": "10",             "Quantity": "15",              "ExistingPRQty": "11", 	    "LineId" : "0",             "Unitprice" : "3",             "BKTDocEntry" : "4",             "BKTLineId" : "0",             "DelFlag" : "N"          },         {             "ItemCode": "MA2082",             "ItemName": "1 Liter  Bottle",             "AvailableQty": "10",             "Quantity": "12",             "ExistingPRQty": "11", 	    "LineId" : "1",             "Unitprice" : "4.6",             "BKTDocEntry" : "4",             "BKTLineId" : "1",             "DelFlag" : "N"         },         {             "ItemCode": "MA2024",             "ItemName": "100cm ( dust comtrol mop)",             "AvailableQty": "10",             "Quantity": "13",             "ExistingPRQty": "11", 	    "LineId" : "2",  "Unitprice" : "100",             "BKTDocEntry" : "4",             "BKTLineId" : "2",             "DelFlag" : "N"         },         {             "ItemCode": "MA2029",             "ItemName": "100cm mop frame)",             "AvailableQty": "10",             "Quantity": "14",             "ExistingPRQty": "11",	                 "LineId" : "3",  "Unitprice" : "34",             "BKTDocEntry" : "4",             "BKTLineId" : "3",             "DelFlag" : "Y"         },         {             "ItemCode": "MA2110",             "ItemName": "12  Step  Ladder",             "AvailableQty": "10",             "Quantity": "15",             "ExistingPRQty": "11", 	    "LineId" : "4",  "Unitprice" : "2",             "BKTDocEntry" : "4",             "BKTLineId" : "4",             "DelFlag" : "Y"         },         {             "ItemCode": "MA2071",             "ItemName": "13"  Black  Pad",             "AvailableQty": "6.50",             "Quantity": "2",             "ExistingPRQty": "0", 	    "LineId" : "0",  "Unitprice" : "2",             "BKTDocEntry" : "4",             "BKTLineId" : "5",             "DelFlag" : "N"         }     ] }]
[3/10/2015 4:02:29 PM][          MUpdate_StockRequest] Invalid row
[3/10/2015 4:06:52 PM][          MUpdate_StockRequest] Invalid row
[3/10/2015 4:12:04 PM][          MUpdate_StockRequest] Invalid row
[3/10/2015 5:59:33 PM][          MUpdate_StockRequest] There is no row at position 8.
[3/10/2015 6:57:49 PM][              MSave_GoodsIssue] Property 'Requester' of 'Document' is invalid
[3/10/2015 7:01:10 PM][              MSave_GoodsIssue] Quantity falls into negative inventory  [IGE1.ItemCode][line: 1]
[3/10/2015 7:05:13 PM][              MSave_GoodsIssue] 540000062 - G/L account 51130 needs DR assignment for dimension 2;  fill in DR-related fields
[3/10/2015 7:32:45 PM][              MSave_GoodsIssue] Invalid row
[3/10/2015 7:37:43 PM][       BudgetGoodsIssuetUpdate] Property 'U_AB_IssueQty' of 'AB_STKBGT1' is invalid
[3/10/2015 7:37:43 PM][              MSave_GoodsIssue] Property 'U_AB_IssueQty' of 'AB_STKBGT1' is invalid
[3/10/2015 9:22:38 PM][         Get_Acknowledgement()] Procedure or function 'AE_SP002_Mobile_GetAcknowledgement' expects parameter '@UserName', which was not supplied.
[3/10/2015 9:22:38 PM][          MGet_Acknowledgement] Procedure or function 'AE_SP002_Mobile_GetAcknowledgement' expects parameter '@UserName', which was not supplied.
[3/12/2015 3:40:10 PM][            MSave_StockRequest] No matching records found (ODBC -2028)
[3/13/2015 11:33:14 AM][          MUpdate_StockRequest] Exception of type 'System.OutOfMemoryException' was thrown.
[3/13/2015 11:47:55 AM][          MUpdate_StockRequest] Input string was not in a correct format.
[3/14/2015 4:15:45 PM][          MUpdate_StockRequest] There is no row at position 2.
[3/15/2015 12:44:05 AM][          MUpdate_StockRequest] Input string was not in a correct format.
[3/15/2015 1:28:28 AM][            MSave_StockRequest] Object cannot be cast from DBNull to other types.
[3/15/2015 1:36:08 AM][            MSave_StockRequest] Object cannot be cast from DBNull to other types.
[3/15/2015 1:42:00 AM][            MSave_StockRequest] Object cannot be cast from DBNull to other types.
[3/15/2015 1:47:37 AM][            MSave_StockRequest] Object cannot be cast from DBNull to other types.
[3/15/2015 2:04:13 AM][      BudgetStockRequestUpdate] Cannot perform '=' operation on System.String and System.Int32.
[3/15/2015 2:29:09 AM][      BudgetStockRequestUpdate] Input string was not in a correct format.
[3/15/2015 2:29:10 AM][            MSave_StockRequest] Input string was not in a correct format.
[3/15/2015 3:56:41 AM][          MUpdate_StockRequest] There is no row at position 2.
